#
# There is insufficient memory for the Java Runtime Environment to continue.
# Native memory allocation (malloc) failed to allocate 1048576 bytes for AllocateHeap
# Possible reasons:
#   The system is out of physical RAM or swap space
#   The process is running with CompressedOops enabled, and the Java Heap may be blocking the growth of the native heap
# Possible solutions:
#   Reduce memory load on the system
#   Increase physical memory or swap space
#   Check if swap backing store is full
#   Decrease Java heap size (-Xmx/-Xms)
#   Decrease number of Java threads
#   Decrease Java thread stack sizes (-Xss)
#   Set larger code cache with -XX:ReservedCodeCacheSize=
#   JVM is running with Unscaled Compressed Oops mode in which the Java heap is
#     placed in the first 4GB address space. The Java Heap base address is the
#     maximum limit for the native heap growth. Please use -XX:HeapBaseMinAddress
#     to set the Java Heap base and to place the Java Heap above 4GB virtual address.
# This output file may be truncated or incomplete.
#
#  Out of Memory Error (memory/allocation.inline.hpp:61), pid=4836, tid=0x0000000000000048
#
# JRE version:  (8.0_202-b58) (build )
# Java VM: OpenJDK 64-Bit Server VM (25.202-b58 mixed mode windows-amd64 compressed oops)
# Failed to write core dump. Minidumps are not enabled by default on client versions of Windows
#

---------------  T H R E A D  ---------------

Current thread (0x0000000002fc3800):  JavaThread "Unknown thread" [_thread_in_vm, id=72, stack(0x0000000002ec0000,0x0000000002fc0000)]

Stack: [0x0000000002ec0000,0x0000000002fc0000]
[error occurred during error reporting (printing stack bounds), id 0xc0000005]

Native frames: (J=compiled Java code, j=interpreted, Vv=VM code, C=native code)


---------------  P R O C E S S  ---------------

Java Threads: ( => current thread )

Other Threads:

=>0x0000000002fc3800 (exited) JavaThread "Unknown thread" [_thread_in_vm, id=72, stack(0x0000000002ec0000,0x0000000002fc0000)]

VM state:not at safepoint (normal execution)

VM Mutex/Monitor currently owned by a thread: None

heap address: 0x0000000081400000, size: 2028 MB, Compressed Oops mode: 32-bit
Narrow klass base: 0x0000000000000000, Narrow klass shift: 3
Compressed class space size: 1073741824 Address: 0x0000000100000000

Heap:
 PSYoungGen      total 38400K, used 665K [0x00000000d5c00000, 0x00000000d8680000, 0x0000000100000000)
  eden space 33280K, 2% used [0x00000000d5c00000,0x00000000d5ca6670,0x00000000d7c80000)
  from space 5120K, 0% used [0x00000000d8180000,0x00000000d8180000,0x00000000d8680000)
  to   space 5120K, 0% used [0x00000000d7c80000,0x00000000d7c80000,0x00000000d8180000)
 ParOldGen       total 87552K, used 0K [0x0000000081400000, 0x0000000086980000, 0x00000000d5c00000)
  object space 87552K, 0% used [0x0000000081400000,0x0000000081400000,0x0000000086980000)
 Metaspace       used 784K, capacity 1156K, committed 1408K, reserved 1060864K
  class space    used 74K, capacity 384K, committed 384K, reserved 1048576K

Card table byte_map: [0x0000000012480000,0x0000000012880000] byte_map_base: 0x0000000012076000

Marking Bits: (ParMarkBitMap*) 0x000000006e859f30
 Begin Bits: [0x0000000012f30000, 0x0000000014ee0000)
 End Bits:   [0x0000000014ee0000, 0x0000000016e90000)

Polling page: 0x00000000009e0000

CodeCache: size=245760Kb used=328Kb max_used=328Kb free=245431Kb
 bounds [0x00000000030c0000, 0x0000000003330000, 0x00000000120c0000]
 total_blobs=57 nmethods=0 adapters=38
 compilation: enabled

Compilation events (0 events):
No events

GC Heap History (0 events):
No events

Deoptimization events (0 events):
No events

Classes redefined (0 events):
No events

Internal exceptions (0 events):
No events

Events (10 events):
Event: 0.029 loading class java/lang/Short
Event: 0.029 loading class java/lang/Short done
Event: 0.029 loading class java/lang/Integer
Event: 0.030 loading class java/lang/Integer done
Event: 0.030 loading class java/lang/Long
Event: 0.030 loading class java/lang/Long done
Event: 0.030 loading class java/lang/NullPointerException
Event: 0.030 loading class java/lang/NullPointerException done
Event: 0.030 loading class java/lang/ArithmeticException
Event: 0.030 loading class java/lang/ArithmeticException done


Dynamic libraries:
0x00007ff702ce0000 - 0x00007ff702d11000 	D:\Program Files\IDEA\IntelliJ IDEA 2019.1.3\jre64\bin\java.exe
0x00007ffd58aa0000 - 0x00007ffd58c81000 	C:\WINDOWS\SYSTEM32\ntdll.dll
0x00007ffd56600000 - 0x00007ffd566b1000 	C:\WINDOWS\System32\KERNEL32.DLL
0x00007ffd550e0000 - 0x00007ffd55353000 	C:\WINDOWS\System32\KERNELBASE.dll
0x00007ffd58540000 - 0x00007ffd585e1000 	C:\WINDOWS\System32\ADVAPI32.dll
0x00007ffd58870000 - 0x00007ffd5890e000 	C:\WINDOWS\System32\msvcrt.dll
0x00007ffd56040000 - 0x00007ffd5609b000 	C:\WINDOWS\System32\sechost.dll
0x00007ffd55f10000 - 0x00007ffd56034000 	C:\WINDOWS\System32\RPCRT4.dll
0x00007ffd56360000 - 0x00007ffd564f0000 	C:\WINDOWS\System32\USER32.dll
0x00007ffd55360000 - 0x00007ffd55380000 	C:\WINDOWS\System32\win32u.dll
0x00007ffd565d0000 - 0x00007ffd565f8000 	C:\WINDOWS\System32\GDI32.dll
0x00007ffd54f40000 - 0x00007ffd550d1000 	C:\WINDOWS\System32\gdi32full.dll
0x00007ffd54ea0000 - 0x00007ffd54f3f000 	C:\WINDOWS\System32\msvcp_win.dll
0x00007ffd55a90000 - 0x00007ffd55b88000 	C:\WINDOWS\System32\ucrtbase.dll
0x00007ffd4bf10000 - 0x00007ffd4c179000 	C:\WINDOWS\WinSxS\amd64_microsoft.windows.common-controls_6595b64144ccf1df_6.0.17134.885_none_fb42a3473065565f\COMCTL32.dll
0x00007ffd566c0000 - 0x00007ffd569e2000 	C:\WINDOWS\System32\combase.dll
0x00007ffd55d80000 - 0x00007ffd55df9000 	C:\WINDOWS\System32\bcryptPrimitives.dll
0x00007ffd58510000 - 0x00007ffd5853d000 	C:\WINDOWS\System32\IMM32.DLL
0x000000006f200000 - 0x000000006f2d2000 	D:\Program Files\IDEA\IntelliJ IDEA 2019.1.3\jre64\bin\msvcr100.dll
0x000000006e090000 - 0x000000006e8d6000 	D:\Program Files\IDEA\IntelliJ IDEA 2019.1.3\jre64\bin\server\jvm.dll
0x00007ffd56350000 - 0x00007ffd56358000 	C:\WINDOWS\System32\PSAPI.DLL
0x00007ffd52fb0000 - 0x00007ffd52fd3000 	C:\WINDOWS\SYSTEM32\WINMM.dll
0x00007ffd45a70000 - 0x00007ffd45a79000 	C:\WINDOWS\SYSTEM32\WSOCK32.dll
0x00007ffd4f920000 - 0x00007ffd4f92a000 	C:\WINDOWS\SYSTEM32\VERSION.dll
0x00007ffd584a0000 - 0x00007ffd5850c000 	C:\WINDOWS\System32\WS2_32.dll
0x00007ffd52f80000 - 0x00007ffd52faa000 	C:\WINDOWS\SYSTEM32\WINMMBASE.dll
0x00007ffd55eb0000 - 0x00007ffd55ef9000 	C:\WINDOWS\System32\cfgmgr32.dll
0x00007ffd50120000 - 0x00007ffd5012f000 	D:\Program Files\IDEA\IntelliJ IDEA 2019.1.3\jre64\bin\verify.dll
0x00007ffd4d5e0000 - 0x00007ffd4d609000 	D:\Program Files\IDEA\IntelliJ IDEA 2019.1.3\jre64\bin\java.dll
0x00007ffd4df60000 - 0x00007ffd4df76000 	D:\Program Files\IDEA\IntelliJ IDEA 2019.1.3\jre64\bin\zip.dll

VM Arguments:
java_command: org.jetbrains.git4idea.http.GitAskPassApp Username for 'https://github.com': 
java_class_path (initial): D:/Program Files/IDEA/IntelliJ IDEA 2019.1.3/plugins/git4idea/lib/git4idea-rt.jar;D:/Program Files/IDEA/IntelliJ IDEA 2019.1.3/lib/xmlrpc-2.0.1.jar;D:/Program Files/IDEA/IntelliJ IDEA 2019.1.3/lib/commons-codec-1.10.jar;D:/Program Files/IDEA/IntelliJ IDEA 2019.1.3/lib/util.jar
Launcher Type: SUN_STANDARD

Environment Variables:
USERNAME=LENOVO
DISPLAY=:0.0
OS=Windows_NT
PROCESSOR_IDENTIFIER=Intel64 Family 6 Model 60 Stepping 3, GenuineIntel



---------------  S Y S T E M  ---------------

OS: Windows 10.0 , 64 bit Build 17134 (10.0.17134.753)

CPU:total 4 (initial active 4) (2 cores per cpu, 2 threads per core) family 6 model 60 stepping 3, cmov, cx8, fxsr, mmx, sse, sse2, sse3, ssse3, sse4.1, sse4.2, popcnt, avx, avx2, aes, clmul, erms, lzcnt, ht, tsc, tscinvbit, bmi1, bmi2

Memory: 4k page, physical 8302956k(1151924k free), swap 8302956k(5964k free)

vm_info: OpenJDK 64-Bit Server VM (25.202-b58) for windows-amd64 JRE (1.8.0_202-release-1483-b58), built on May 22 2019 13:19:29 by "builduser" with MS VC++ 10.0 (VS2010)

time: Fri Jul 19 17:29:22 2019
timezone: 中国标准时间
elapsed time: 0 seconds (0d 0h 0m 0s)

