#
# There is insufficient memory for the Java Runtime Environment to continue.
# Native memory allocation (malloc) failed to allocate 148176 bytes for Chunk::new
# Possible reasons:
#   The system is out of physical RAM or swap space
#   The process is running with CompressedOops enabled, and the Java Heap may be blocking the growth of the native heap
# Possible solutions:
#   Reduce memory load on the system
#   Increase physical memory or swap space
#   Check if swap backing store is full
#   Decrease Java heap size (-Xmx/-Xms)
#   Decrease number of Java threads
#   Decrease Java thread stack sizes (-Xss)
#   Set larger code cache with -XX:ReservedCodeCacheSize=
#   JVM is running with Unscaled Compressed Oops mode in which the Java heap is
#     placed in the first 4GB address space. The Java Heap base address is the
#     maximum limit for the native heap growth. Please use -XX:HeapBaseMinAddress
#     to set the Java Heap base and to place the Java Heap above 4GB virtual address.
# This output file may be truncated or incomplete.
#
#  Out of Memory Error (t:/workspace/open/src/hotspot/share/memory/arena.cpp:198), pid=1472, tid=7948
#
# JRE version: Java(TM) SE Runtime Environment (10.0.1+10) (build 10.0.1+10)
# Java VM: Java HotSpot(TM) 64-Bit Server VM (10.0.1+10, mixed mode, tiered, compressed oops, g1 gc, windows-amd64)
# No core dump will be written. Minidumps are not enabled by default on client versions of Windows
#

---------------  S U M M A R Y ------------

Command Line: -javaagent:D:\Program Files\IDEA\IntelliJ IDEA 2019.1.3\lib\idea_rt.jar=9911:D:\Program Files\IDEA\IntelliJ IDEA 2019.1.3\bin -Dfile.encoding=UTF-8 com.joezeo.core.Server

Host: Intel(R) Core(TM) i5-4200H CPU @ 2.80GHz, 4 cores, 7G,  Windows 10 , 64 bit Build 17134 (10.0.17134.753)
Time: Mon Jul 22 14:11:37 2019 ?D1ú±ê×?ê±?? elapsed time: 0 seconds (0d 0h 0m 0s)

---------------  T H R E A D  ---------------

Current thread (0x0000018dc7ff0800):  JavaThread "C2 CompilerThread1" daemon [_thread_in_native, id=7948, stack(0x000000662a500000,0x000000662a600000)]


Current CompileTask:
C2:    180  103       4       java.util.HashMap::putVal (300 bytes)

Stack: [0x000000662a500000,0x000000662a600000]
Native frames: (J=compiled Java code, j=interpreted, Vv=VM code, C=native code)
V  [jvm.dll+0x5a0369]
V  [jvm.dll+0x6bcf81]
V  [jvm.dll+0x6be176]
V  [jvm.dll+0x6be803]
V  [jvm.dll+0x234998]
V  [jvm.dll+0xbb92c]
V  [jvm.dll+0xbbe2c]
V  [jvm.dll+0x2a67b4]
V  [jvm.dll+0x4bf92a]
V  [jvm.dll+0x20146a]
V  [jvm.dll+0x1feff1]
V  [jvm.dll+0x17ca6b]
V  [jvm.dll+0x20c81d]
V  [jvm.dll+0x20b5e6]
V  [jvm.dll+0x68bb6f]
V  [jvm.dll+0x59f680]
C  [msvcr120.dll+0x24f7f]
C  [msvcr120.dll+0x25126]
C  [KERNEL32.DLL+0x14034]
C  [ntdll.dll+0x73691]


---------------  P R O C E S S  ---------------

Threads class SMR info:
_java_thread_list=0x0000018dc826ffb0, length=12, elements={
0x0000018da403b000, 0x0000018dc770a800, 0x0000018dc7713800, 0x0000018dc7fe2800,
0x0000018dc7fe3800, 0x0000018dc7fed800, 0x0000018dc7ff0800, 0x0000018dc7ff1800,
0x0000018dc773d000, 0x0000018dc82e2800, 0x0000018dc82f5800, 0x0000018dc82f6000
}

Java Threads: ( => current thread )
  0x0000018da403b000 JavaThread "main" [_thread_in_native, id=13836, stack(0x0000006629300000,0x0000006629400000)]
  0x0000018dc770a800 JavaThread "Reference Handler" daemon [_thread_blocked, id=5084, stack(0x000000662a000000,0x000000662a100000)]
  0x0000018dc7713800 JavaThread "Finalizer" daemon [_thread_blocked, id=10488, stack(0x000000662a100000,0x000000662a200000)]
  0x0000018dc7fe2800 JavaThread "Signal Dispatcher" daemon [_thread_blocked, id=2472, stack(0x000000662a200000,0x000000662a300000)]
  0x0000018dc7fe3800 JavaThread "Attach Listener" daemon [_thread_blocked, id=4620, stack(0x000000662a300000,0x000000662a400000)]
  0x0000018dc7fed800 JavaThread "C2 CompilerThread0" daemon [_thread_in_native, id=8672, stack(0x000000662a400000,0x000000662a500000)]
=>0x0000018dc7ff0800 JavaThread "C2 CompilerThread1" daemon [_thread_in_native, id=7948, stack(0x000000662a500000,0x000000662a600000)]
  0x0000018dc7ff1800 JavaThread "C1 CompilerThread2" daemon [_thread_in_native, id=11208, stack(0x000000662a600000,0x000000662a700000)]
  0x0000018dc773d000 JavaThread "Sweeper thread" daemon [_thread_blocked, id=8224, stack(0x000000662a700000,0x000000662a800000)]
  0x0000018dc82e2800 JavaThread "Common-Cleaner" daemon [_thread_blocked, id=13324, stack(0x000000662a800000,0x000000662a900000)]
  0x0000018dc82f5800 JavaThread "Monitor Ctrl-Break" daemon [_thread_in_vm, id=13728, stack(0x000000662a900000,0x000000662aa00000)]
  0x0000018dc82f6000 JavaThread "Service Thread" daemon [_thread_blocked, id=7584, stack(0x000000662aa00000,0x000000662ab00000)]

Other Threads:
  0x0000018dc7704000 VMThread "VM Thread" [stack: 0x0000006629f00000,0x000000662a000000] [id=8620]
  0x0000018dc830b000 WatcherThread [stack: 0x0000000000000000,0x0000000000000000] [id=13468]
  0x0000018da4055800 GCTaskThread "GC Thread#0" [stack: 0x0000006629400000,0x0000006629500000] [id=3164]
  0x0000018da4058000 GCTaskThread "GC Thread#1" [stack: 0x0000006629500000,0x0000006629600000] [id=12544]
  0x0000018da4059800 GCTaskThread "GC Thread#2" [stack: 0x0000006629600000,0x0000006629700000] [id=240]
  0x0000018da405c000 GCTaskThread "GC Thread#3" [stack: 0x0000006629700000,0x0000006629800000] [id=224]
  0x0000018da40ce800 ConcurrentGCThread "G1 Main Marker" [stack: 0x0000006629800000,0x0000006629900000] [id=5864]
  0x0000018da40d6000 ConcurrentGCThread "G1 Conc#0" [stack: 0x0000006629900000,0x0000006629a00000] [id=11616]
  0x0000018dc7587800 ConcurrentGCThread "G1 Refine#0" [stack: 0x0000006629a00000,0x0000006629b00000] [id=4880]
  0x0000018dc7588000 ConcurrentGCThread "G1 Refine#1" [stack: 0x0000006629b00000,0x0000006629c00000] [id=6884]
  0x0000018dc758a000 ConcurrentGCThread "G1 Refine#2" [stack: 0x0000006629c00000,0x0000006629d00000] [id=12884]
  0x0000018dc758b000 ConcurrentGCThread "G1 Refine#3" [stack: 0x0000006629d00000,0x0000006629e00000] [id=11776]
  0x0000018dc758e000 ConcurrentGCThread "G1 Young RemSet Sampling" [stack: 0x0000006629e00000,0x0000006629f00000] [id=4984]

Threads with active compile tasks:
C2 CompilerThread0 155       4       java.util.ImmutableCollections$SetN::probe (60 bytes)
C2 CompilerThread1 103       4       java.util.HashMap::putVal (300 bytes)

VM state:not at safepoint (normal execution)

VM Mutex/Monitor currently owned by a thread: None

Heap address: 0x0000000081400000, size: 2028 MB, Compressed Oops mode: 32-bit
Narrow klass base: 0x0000000000000000, Narrow klass shift: 3
Compressed class space size: 1073741824 Address: 0x0000000100000000

Heap:
 garbage-first heap   total 131072K, used 2048K [0x0000000081400000, 0x0000000100000000)
  region size 1024K, 3 young (3072K), 0 survivors (0K)
 Metaspace       used 5281K, capacity 5346K, committed 5632K, reserved 1056768K
  class space    used 445K, capacity 458K, committed 512K, reserved 1048576K
Heap Regions: E=young(eden), S=young(survivor), O=old, HS=humongous(starts), HC=humongous(continues), CS=collection set, F=free, A=archive, TS=gc time stamp, AC=allocation context, TAMS=top-at-mark-start (previous, next)
|   0|0x0000000081400000, 0x0000000081400000, 0x0000000081500000|  0%| F|  |TS  0|AC  0|TAMS 0x0000000081400000, 0x0000000081400000|
|   1|0x0000000081500000, 0x0000000081500000, 0x0000000081600000|  0%| F|  |TS  0|AC  0|TAMS 0x0000000081500000, 0x0000000081500000|
|   2|0x0000000081600000, 0x0000000081600000, 0x0000000081700000|  0%| F|  |TS  0|AC  0|TAMS 0x0000000081600000, 0x0000000081600000|
|   3|0x0000000081700000, 0x0000000081700000, 0x0000000081800000|  0%| F|  |TS  0|AC  0|TAMS 0x0000000081700000, 0x0000000081700000|
|   4|0x0000000081800000, 0x0000000081800000, 0x0000000081900000|  0%| F|  |TS  0|AC  0|TAMS 0x0000000081800000, 0x0000000081800000|
|   5|0x0000000081900000, 0x0000000081900000, 0x0000000081a00000|  0%| F|  |TS  0|AC  0|TAMS 0x0000000081900000, 0x0000000081900000|
|   6|0x0000000081a00000, 0x0000000081a00000, 0x0000000081b00000|  0%| F|  |TS  0|AC  0|TAMS 0x0000000081a00000, 0x0000000081a00000|
|   7|0x0000000081b00000, 0x0000000081b00000, 0x0000000081c00000|  0%| F|  |TS  0|AC  0|TAMS 0x0000000081b00000, 0x0000000081b00000|
|   8|0x0000000081c00000, 0x0000000081c00000, 0x0000000081d00000|  0%| F|  |TS  0|AC  0|TAMS 0x0000000081c00000, 0x0000000081c00000|
|   9|0x0000000081d00000, 0x0000000081d00000, 0x0000000081e00000|  0%| F|  |TS  0|AC  0|TAMS 0x0000000081d00000, 0x0000000081d00000|
|  10|0x0000000081e00000, 0x0000000081e00000, 0x0000000081f00000|  0%| F|  |TS  0|AC  0|TAMS 0x0000000081e00000, 0x0000000081e00000|
|  11|0x0000000081f00000, 0x0000000081f00000, 0x0000000082000000|  0%| F|  |TS  0|AC  0|TAMS 0x0000000081f00000, 0x0000000081f00000|
|  12|0x0000000082000000, 0x0000000082000000, 0x0000000082100000|  0%| F|  |TS  0|AC  0|TAMS 0x0000000082000000, 0x0000000082000000|
|  13|0x0000000082100000, 0x0000000082100000, 0x0000000082200000|  0%| F|  |TS  0|AC  0|TAMS 0x0000000082100000, 0x0000000082100000|
|  14|0x0000000082200000, 0x0000000082200000, 0x0000000082300000|  0%| F|  |TS  0|AC  0|TAMS 0x0000000082200000, 0x0000000082200000|
|  15|0x0000000082300000, 0x0000000082300000, 0x0000000082400000|  0%| F|  |TS  0|AC  0|TAMS 0x0000000082300000, 0x0000000082300000|
|  16|0x0000000082400000, 0x0000000082400000, 0x0000000082500000|  0%| F|  |TS  0|AC  0|TAMS 0x0000000082400000, 0x0000000082400000|
|  17|0x0000000082500000, 0x0000000082500000, 0x0000000082600000|  0%| F|  |TS  0|AC  0|TAMS 0x0000000082500000, 0x0000000082500000|
|  18|0x0000000082600000, 0x0000000082600000, 0x0000000082700000|  0%| F|  |TS  0|AC  0|TAMS 0x0000000082600000, 0x0000000082600000|
|  19|0x0000000082700000, 0x0000000082700000, 0x0000000082800000|  0%| F|  |TS  0|AC  0|TAMS 0x0000000082700000, 0x0000000082700000|
|  20|0x0000000082800000, 0x0000000082800000, 0x0000000082900000|  0%| F|  |TS  0|AC  0|TAMS 0x0000000082800000, 0x0000000082800000|
|  21|0x0000000082900000, 0x0000000082900000, 0x0000000082a00000|  0%| F|  |TS  0|AC  0|TAMS 0x0000000082900000, 0x0000000082900000|
|  22|0x0000000082a00000, 0x0000000082a00000, 0x0000000082b00000|  0%| F|  |TS  0|AC  0|TAMS 0x0000000082a00000, 0x0000000082a00000|
|  23|0x0000000082b00000, 0x0000000082b00000, 0x0000000082c00000|  0%| F|  |TS  0|AC  0|TAMS 0x0000000082b00000, 0x0000000082b00000|
|  24|0x0000000082c00000, 0x0000000082c00000, 0x0000000082d00000|  0%| F|  |TS  0|AC  0|TAMS 0x0000000082c00000, 0x0000000082c00000|
|  25|0x0000000082d00000, 0x0000000082d00000, 0x0000000082e00000|  0%| F|  |TS  0|AC  0|TAMS 0x0000000082d00000, 0x0000000082d00000|
|  26|0x0000000082e00000, 0x0000000082e00000, 0x0000000082f00000|  0%| F|  |TS  0|AC  0|TAMS 0x0000000082e00000, 0x0000000082e00000|
|  27|0x0000000082f00000, 0x0000000082f00000, 0x0000000083000000|  0%| F|  |TS  0|AC  0|TAMS 0x0000000082f00000, 0x0000000082f00000|
|  28|0x0000000083000000, 0x0000000083000000, 0x0000000083100000|  0%| F|  |TS  0|AC  0|TAMS 0x0000000083000000, 0x0000000083000000|
|  29|0x0000000083100000, 0x0000000083100000, 0x0000000083200000|  0%| F|  |TS  0|AC  0|TAMS 0x0000000083100000, 0x0000000083100000|
|  30|0x0000000083200000, 0x0000000083200000, 0x0000000083300000|  0%| F|  |TS  0|AC  0|TAMS 0x0000000083200000, 0x0000000083200000|
|  31|0x0000000083300000, 0x0000000083300000, 0x0000000083400000|  0%| F|  |TS  0|AC  0|TAMS 0x0000000083300000, 0x0000000083300000|
|  32|0x0000000083400000, 0x0000000083400000, 0x0000000083500000|  0%| F|  |TS  0|AC  0|TAMS 0x0000000083400000, 0x0000000083400000|
|  33|0x0000000083500000, 0x0000000083500000, 0x0000000083600000|  0%| F|  |TS  0|AC  0|TAMS 0x0000000083500000, 0x0000000083500000|
|  34|0x0000000083600000, 0x0000000083600000, 0x0000000083700000|  0%| F|  |TS  0|AC  0|TAMS 0x0000000083600000, 0x0000000083600000|
|  35|0x0000000083700000, 0x0000000083700000, 0x0000000083800000|  0%| F|  |TS  0|AC  0|TAMS 0x0000000083700000, 0x0000000083700000|
|  36|0x0000000083800000, 0x0000000083800000, 0x0000000083900000|  0%| F|  |TS  0|AC  0|TAMS 0x0000000083800000, 0x0000000083800000|
|  37|0x0000000083900000, 0x0000000083900000, 0x0000000083a00000|  0%| F|  |TS  0|AC  0|TAMS 0x0000000083900000, 0x0000000083900000|
|  38|0x0000000083a00000, 0x0000000083a00000, 0x0000000083b00000|  0%| F|  |TS  0|AC  0|TAMS 0x0000000083a00000, 0x0000000083a00000|
|  39|0x0000000083b00000, 0x0000000083b00000, 0x0000000083c00000|  0%| F|  |TS  0|AC  0|TAMS 0x0000000083b00000, 0x0000000083b00000|
|  40|0x0000000083c00000, 0x0000000083c00000, 0x0000000083d00000|  0%| F|  |TS  0|AC  0|TAMS 0x0000000083c00000, 0x0000000083c00000|
|  41|0x0000000083d00000, 0x0000000083d00000, 0x0000000083e00000|  0%| F|  |TS  0|AC  0|TAMS 0x0000000083d00000, 0x0000000083d00000|
|  42|0x0000000083e00000, 0x0000000083e00000, 0x0000000083f00000|  0%| F|  |TS  0|AC  0|TAMS 0x0000000083e00000, 0x0000000083e00000|
|  43|0x0000000083f00000, 0x0000000083f00000, 0x0000000084000000|  0%| F|  |TS  0|AC  0|TAMS 0x0000000083f00000, 0x0000000083f00000|
|  44|0x0000000084000000, 0x0000000084000000, 0x0000000084100000|  0%| F|  |TS  0|AC  0|TAMS 0x0000000084000000, 0x0000000084000000|
|  45|0x0000000084100000, 0x0000000084100000, 0x0000000084200000|  0%| F|  |TS  0|AC  0|TAMS 0x0000000084100000, 0x0000000084100000|
|  46|0x0000000084200000, 0x0000000084200000, 0x0000000084300000|  0%| F|  |TS  0|AC  0|TAMS 0x0000000084200000, 0x0000000084200000|
|  47|0x0000000084300000, 0x0000000084300000, 0x0000000084400000|  0%| F|  |TS  0|AC  0|TAMS 0x0000000084300000, 0x0000000084300000|
|  48|0x0000000084400000, 0x0000000084400000, 0x0000000084500000|  0%| F|  |TS  0|AC  0|TAMS 0x0000000084400000, 0x0000000084400000|
|  49|0x0000000084500000, 0x0000000084500000, 0x0000000084600000|  0%| F|  |TS  0|AC  0|TAMS 0x0000000084500000, 0x0000000084500000|
|  50|0x0000000084600000, 0x0000000084600000, 0x0000000084700000|  0%| F|  |TS  0|AC  0|TAMS 0x0000000084600000, 0x0000000084600000|
|  51|0x0000000084700000, 0x0000000084700000, 0x0000000084800000|  0%| F|  |TS  0|AC  0|TAMS 0x0000000084700000, 0x0000000084700000|
|  52|0x0000000084800000, 0x0000000084800000, 0x0000000084900000|  0%| F|  |TS  0|AC  0|TAMS 0x0000000084800000, 0x0000000084800000|
|  53|0x0000000084900000, 0x0000000084900000, 0x0000000084a00000|  0%| F|  |TS  0|AC  0|TAMS 0x0000000084900000, 0x0000000084900000|
|  54|0x0000000084a00000, 0x0000000084a00000, 0x0000000084b00000|  0%| F|  |TS  0|AC  0|TAMS 0x0000000084a00000, 0x0000000084a00000|
|  55|0x0000000084b00000, 0x0000000084b00000, 0x0000000084c00000|  0%| F|  |TS  0|AC  0|TAMS 0x0000000084b00000, 0x0000000084b00000|
|  56|0x0000000084c00000, 0x0000000084c00000, 0x0000000084d00000|  0%| F|  |TS  0|AC  0|TAMS 0x0000000084c00000, 0x0000000084c00000|
|  57|0x0000000084d00000, 0x0000000084d00000, 0x0000000084e00000|  0%| F|  |TS  0|AC  0|TAMS 0x0000000084d00000, 0x0000000084d00000|
|  58|0x0000000084e00000, 0x0000000084e00000, 0x0000000084f00000|  0%| F|  |TS  0|AC  0|TAMS 0x0000000084e00000, 0x0000000084e00000|
|  59|0x0000000084f00000, 0x0000000084f00000, 0x0000000085000000|  0%| F|  |TS  0|AC  0|TAMS 0x0000000084f00000, 0x0000000084f00000|
|  60|0x0000000085000000, 0x0000000085000000, 0x0000000085100000|  0%| F|  |TS  0|AC  0|TAMS 0x0000000085000000, 0x0000000085000000|
|  61|0x0000000085100000, 0x0000000085100000, 0x0000000085200000|  0%| F|  |TS  0|AC  0|TAMS 0x0000000085100000, 0x0000000085100000|
|  62|0x0000000085200000, 0x0000000085200000, 0x0000000085300000|  0%| F|  |TS  0|AC  0|TAMS 0x0000000085200000, 0x0000000085200000|
|  63|0x0000000085300000, 0x0000000085300000, 0x0000000085400000|  0%| F|  |TS  0|AC  0|TAMS 0x0000000085300000, 0x0000000085300000|
|  64|0x0000000085400000, 0x0000000085400000, 0x0000000085500000|  0%| F|  |TS  0|AC  0|TAMS 0x0000000085400000, 0x0000000085400000|
|  65|0x0000000085500000, 0x0000000085500000, 0x0000000085600000|  0%| F|  |TS  0|AC  0|TAMS 0x0000000085500000, 0x0000000085500000|
|  66|0x0000000085600000, 0x0000000085600000, 0x0000000085700000|  0%| F|  |TS  0|AC  0|TAMS 0x0000000085600000, 0x0000000085600000|
|  67|0x0000000085700000, 0x0000000085700000, 0x0000000085800000|  0%| F|  |TS  0|AC  0|TAMS 0x0000000085700000, 0x0000000085700000|
|  68|0x0000000085800000, 0x0000000085800000, 0x0000000085900000|  0%| F|  |TS  0|AC  0|TAMS 0x0000000085800000, 0x0000000085800000|
|  69|0x0000000085900000, 0x0000000085900000, 0x0000000085a00000|  0%| F|  |TS  0|AC  0|TAMS 0x0000000085900000, 0x0000000085900000|
|  70|0x0000000085a00000, 0x0000000085a00000, 0x0000000085b00000|  0%| F|  |TS  0|AC  0|TAMS 0x0000000085a00000, 0x0000000085a00000|
|  71|0x0000000085b00000, 0x0000000085b00000, 0x0000000085c00000|  0%| F|  |TS  0|AC  0|TAMS 0x0000000085b00000, 0x0000000085b00000|
|  72|0x0000000085c00000, 0x0000000085c00000, 0x0000000085d00000|  0%| F|  |TS  0|AC  0|TAMS 0x0000000085c00000, 0x0000000085c00000|
|  73|0x0000000085d00000, 0x0000000085d00000, 0x0000000085e00000|  0%| F|  |TS  0|AC  0|TAMS 0x0000000085d00000, 0x0000000085d00000|
|  74|0x0000000085e00000, 0x0000000085e00000, 0x0000000085f00000|  0%| F|  |TS  0|AC  0|TAMS 0x0000000085e00000, 0x0000000085e00000|
|  75|0x0000000085f00000, 0x0000000085f00000, 0x0000000086000000|  0%| F|  |TS  0|AC  0|TAMS 0x0000000085f00000, 0x0000000085f00000|
|  76|0x0000000086000000, 0x0000000086000000, 0x0000000086100000|  0%| F|  |TS  0|AC  0|TAMS 0x0000000086000000, 0x0000000086000000|
|  77|0x0000000086100000, 0x0000000086100000, 0x0000000086200000|  0%| F|  |TS  0|AC  0|TAMS 0x0000000086100000, 0x0000000086100000|
|  78|0x0000000086200000, 0x0000000086200000, 0x0000000086300000|  0%| F|  |TS  0|AC  0|TAMS 0x0000000086200000, 0x0000000086200000|
|  79|0x0000000086300000, 0x0000000086300000, 0x0000000086400000|  0%| F|  |TS  0|AC  0|TAMS 0x0000000086300000, 0x0000000086300000|
|  80|0x0000000086400000, 0x0000000086400000, 0x0000000086500000|  0%| F|  |TS  0|AC  0|TAMS 0x0000000086400000, 0x0000000086400000|
|  81|0x0000000086500000, 0x0000000086500000, 0x0000000086600000|  0%| F|  |TS  0|AC  0|TAMS 0x0000000086500000, 0x0000000086500000|
|  82|0x0000000086600000, 0x0000000086600000, 0x0000000086700000|  0%| F|  |TS  0|AC  0|TAMS 0x0000000086600000, 0x0000000086600000|
|  83|0x0000000086700000, 0x0000000086700000, 0x0000000086800000|  0%| F|  |TS  0|AC  0|TAMS 0x0000000086700000, 0x0000000086700000|
|  84|0x0000000086800000, 0x0000000086800000, 0x0000000086900000|  0%| F|  |TS  0|AC  0|TAMS 0x0000000086800000, 0x0000000086800000|
|  85|0x0000000086900000, 0x0000000086900000, 0x0000000086a00000|  0%| F|  |TS  0|AC  0|TAMS 0x0000000086900000, 0x0000000086900000|
|  86|0x0000000086a00000, 0x0000000086a00000, 0x0000000086b00000|  0%| F|  |TS  0|AC  0|TAMS 0x0000000086a00000, 0x0000000086a00000|
|  87|0x0000000086b00000, 0x0000000086b00000, 0x0000000086c00000|  0%| F|  |TS  0|AC  0|TAMS 0x0000000086b00000, 0x0000000086b00000|
|  88|0x0000000086c00000, 0x0000000086c00000, 0x0000000086d00000|  0%| F|  |TS  0|AC  0|TAMS 0x0000000086c00000, 0x0000000086c00000|
|  89|0x0000000086d00000, 0x0000000086d00000, 0x0000000086e00000|  0%| F|  |TS  0|AC  0|TAMS 0x0000000086d00000, 0x0000000086d00000|
|  90|0x0000000086e00000, 0x0000000086e00000, 0x0000000086f00000|  0%| F|  |TS  0|AC  0|TAMS 0x0000000086e00000, 0x0000000086e00000|
|  91|0x0000000086f00000, 0x0000000086f00000, 0x0000000087000000|  0%| F|  |TS  0|AC  0|TAMS 0x0000000086f00000, 0x0000000086f00000|
|  92|0x0000000087000000, 0x0000000087000000, 0x0000000087100000|  0%| F|  |TS  0|AC  0|TAMS 0x0000000087000000, 0x0000000087000000|
|  93|0x0000000087100000, 0x0000000087100000, 0x0000000087200000|  0%| F|  |TS  0|AC  0|TAMS 0x0000000087100000, 0x0000000087100000|
|  94|0x0000000087200000, 0x0000000087200000, 0x0000000087300000|  0%| F|  |TS  0|AC  0|TAMS 0x0000000087200000, 0x0000000087200000|
|  95|0x0000000087300000, 0x0000000087300000, 0x0000000087400000|  0%| F|  |TS  0|AC  0|TAMS 0x0000000087300000, 0x0000000087300000|
|  96|0x0000000087400000, 0x0000000087400000, 0x0000000087500000|  0%| F|  |TS  0|AC  0|TAMS 0x0000000087400000, 0x0000000087400000|
|  97|0x0000000087500000, 0x0000000087500000, 0x0000000087600000|  0%| F|  |TS  0|AC  0|TAMS 0x0000000087500000, 0x0000000087500000|
|  98|0x0000000087600000, 0x0000000087600000, 0x0000000087700000|  0%| F|  |TS  0|AC  0|TAMS 0x0000000087600000, 0x0000000087600000|
|  99|0x0000000087700000, 0x0000000087700000, 0x0000000087800000|  0%| F|  |TS  0|AC  0|TAMS 0x0000000087700000, 0x0000000087700000|
| 100|0x0000000087800000, 0x0000000087800000, 0x0000000087900000|  0%| F|  |TS  0|AC  0|TAMS 0x0000000087800000, 0x0000000087800000|
| 101|0x0000000087900000, 0x0000000087900000, 0x0000000087a00000|  0%| F|  |TS  0|AC  0|TAMS 0x0000000087900000, 0x0000000087900000|
| 102|0x0000000087a00000, 0x0000000087a00000, 0x0000000087b00000|  0%| F|  |TS  0|AC  0|TAMS 0x0000000087a00000, 0x0000000087a00000|
| 103|0x0000000087b00000, 0x0000000087b00000, 0x0000000087c00000|  0%| F|  |TS  0|AC  0|TAMS 0x0000000087b00000, 0x0000000087b00000|
| 104|0x0000000087c00000, 0x0000000087c00000, 0x0000000087d00000|  0%| F|  |TS  0|AC  0|TAMS 0x0000000087c00000, 0x0000000087c00000|
| 105|0x0000000087d00000, 0x0000000087d00000, 0x0000000087e00000|  0%| F|  |TS  0|AC  0|TAMS 0x0000000087d00000, 0x0000000087d00000|
| 106|0x0000000087e00000, 0x0000000087e00000, 0x0000000087f00000|  0%| F|  |TS  0|AC  0|TAMS 0x0000000087e00000, 0x0000000087e00000|
| 107|0x0000000087f00000, 0x0000000087f00000, 0x0000000088000000|  0%| F|  |TS  0|AC  0|TAMS 0x0000000087f00000, 0x0000000087f00000|
| 108|0x0000000088000000, 0x0000000088000000, 0x0000000088100000|  0%| F|  |TS  0|AC  0|TAMS 0x0000000088000000, 0x0000000088000000|
| 109|0x0000000088100000, 0x0000000088100000, 0x0000000088200000|  0%| F|  |TS  0|AC  0|TAMS 0x0000000088100000, 0x0000000088100000|
| 110|0x0000000088200000, 0x0000000088200000, 0x0000000088300000|  0%| F|  |TS  0|AC  0|TAMS 0x0000000088200000, 0x0000000088200000|
| 111|0x0000000088300000, 0x0000000088300000, 0x0000000088400000|  0%| F|  |TS  0|AC  0|TAMS 0x0000000088300000, 0x0000000088300000|
| 112|0x0000000088400000, 0x0000000088400000, 0x0000000088500000|  0%| F|  |TS  0|AC  0|TAMS 0x0000000088400000, 0x0000000088400000|
| 113|0x0000000088500000, 0x0000000088500000, 0x0000000088600000|  0%| F|  |TS  0|AC  0|TAMS 0x0000000088500000, 0x0000000088500000|
| 114|0x0000000088600000, 0x0000000088600000, 0x0000000088700000|  0%| F|  |TS  0|AC  0|TAMS 0x0000000088600000, 0x0000000088600000|
| 115|0x0000000088700000, 0x0000000088700000, 0x0000000088800000|  0%| F|  |TS  0|AC  0|TAMS 0x0000000088700000, 0x0000000088700000|
| 116|0x0000000088800000, 0x0000000088800000, 0x0000000088900000|  0%| F|  |TS  0|AC  0|TAMS 0x0000000088800000, 0x0000000088800000|
| 117|0x0000000088900000, 0x0000000088900000, 0x0000000088a00000|  0%| F|  |TS  0|AC  0|TAMS 0x0000000088900000, 0x0000000088900000|
| 118|0x0000000088a00000, 0x0000000088a00000, 0x0000000088b00000|  0%| F|  |TS  0|AC  0|TAMS 0x0000000088a00000, 0x0000000088a00000|
| 119|0x0000000088b00000, 0x0000000088b00000, 0x0000000088c00000|  0%| F|  |TS  0|AC  0|TAMS 0x0000000088b00000, 0x0000000088b00000|
| 120|0x0000000088c00000, 0x0000000088c00000, 0x0000000088d00000|  0%| F|  |TS  0|AC  0|TAMS 0x0000000088c00000, 0x0000000088c00000|
| 121|0x0000000088d00000, 0x0000000088d00000, 0x0000000088e00000|  0%| F|  |TS  0|AC  0|TAMS 0x0000000088d00000, 0x0000000088d00000|
| 122|0x0000000088e00000, 0x0000000088e00000, 0x0000000088f00000|  0%| F|  |TS  0|AC  0|TAMS 0x0000000088e00000, 0x0000000088e00000|
| 123|0x0000000088f00000, 0x0000000088f00000, 0x0000000089000000|  0%| F|  |TS  0|AC  0|TAMS 0x0000000088f00000, 0x0000000088f00000|
| 124|0x0000000089000000, 0x0000000089000000, 0x0000000089100000|  0%| F|  |TS  0|AC  0|TAMS 0x0000000089000000, 0x0000000089000000|
| 125|0x0000000089100000, 0x000000008918fe18, 0x0000000089200000| 56%| E|  |TS  0|AC  0|TAMS 0x0000000089100000, 0x0000000089100000|
| 126|0x0000000089200000, 0x0000000089300000, 0x0000000089300000|100%| E|CS|TS  0|AC  0|TAMS 0x0000000089200000, 0x0000000089200000|
| 127|0x0000000089300000, 0x0000000089400000, 0x0000000089400000|100%| E|CS|TS  0|AC  0|TAMS 0x0000000089300000, 0x0000000089300000|

Card table byte_map: [0x0000018dc0920000,0x0000018dc0d20000] byte_map_base: 0x0000018dc0516000

Marking Bits (Prev, Next): (CMBitMap*) 0x0000018da40c9ce0, (CMBitMap*) 0x0000018da40c9d18
 Prev Bits: [0x0000018dc1120000, 0x0000018dc30d0000)
 Next Bits: [0x0000018dc30d0000, 0x0000018dc5080000)

Polling page: 0x0000018da3ee0000

CodeHeap 'non-profiled nmethods': size=120064Kb used=51Kb max_used=51Kb free=120012Kb
 bounds [0x0000018db89c0000, 0x0000018db8c30000, 0x0000018dbff00000]
CodeHeap 'profiled nmethods': size=120000Kb used=279Kb max_used=279Kb free=119720Kb
 bounds [0x0000018db1490000, 0x0000018db1700000, 0x0000018db89c0000]
CodeHeap 'non-nmethods': size=5696Kb used=1026Kb max_used=1026Kb free=4669Kb
 bounds [0x0000018db0f00000, 0x0000018db1170000, 0x0000018db1490000]
 total_blobs=583 nmethods=209 adapters=213
 compilation: enabled

Compilation events (10 events):
Event: 0.169 Thread 0x0000018dc7ff1800 nmethod 110 0x0000018db14b2310 code [0x0000018db14b24c0, 0x0000018db14b2658]
Event: 0.169 Thread 0x0000018dc7ff1800  109       1       java.lang.module.ModuleDescriptor$Provides::service (5 bytes)
Event: 0.169 Thread 0x0000018dc7ff1800 nmethod 109 0x0000018db89c7690 code [0x0000018db89c7840, 0x0000018db89c7958]
Event: 0.171 Thread 0x0000018dc7ff1800  112       1       java.util.KeyValueHolder::getKey (5 bytes)
Event: 0.171 Thread 0x0000018dc7ff1800 nmethod 112 0x0000018db89c7a10 code [0x0000018db89c7bc0, 0x0000018db89c7cd8]
Event: 0.171 Thread 0x0000018dc7ff1800  113       1       java.util.KeyValueHolder::getValue (5 bytes)
Event: 0.171 Thread 0x0000018dc7ff1800 nmethod 113 0x0000018db89c7d90 code [0x0000018db89c7f40, 0x0000018db89c8058]
Event: 0.172 Thread 0x0000018dc7fed800 nmethod 107 0x0000018db89c8110 code [0x0000018db89c82a0, 0x0000018db89c8418]
Event: 0.172 Thread 0x0000018dc7fed800  108       4       java.util.HashMap::newNode (13 bytes)
Event: 0.172 Thread 0x0000018dc7ff1800  114       3       java.util.HashSet::contains (9 bytes)

GC Heap History (0 events):
No events

Deoptimization events (0 events):
No events

Classes redefined (0 events):
No events

Internal exceptions (0 events):
No events

Events (10 events):
Event: 0.159 loading class java/util/HashMap$EntrySet
Event: 0.159 loading class java/util/HashMap$EntrySet done
Event: 0.159 loading class java/util/HashMap$EntryIterator
Event: 0.159 loading class java/util/HashMap$EntryIterator done
Event: 0.170 loading class java/util/Collections$UnmodifiableRandomAccessList
Event: 0.170 loading class java/util/Collections$UnmodifiableList
Event: 0.171 loading class java/util/Collections$UnmodifiableList done
Event: 0.171 loading class java/util/Collections$UnmodifiableRandomAccessList done
Event: 0.172 loading class jdk/internal/module/ModuleLoaderMap
Event: 0.172 loading class jdk/internal/module/ModuleLoaderMap done


Dynamic libraries:
0x00007ff660de0000 - 0x00007ff660e1e000 	C:\Program Files\Java\jdk-10.0.1\bin\java.exe
0x00007ffe32e50000 - 0x00007ffe33031000 	C:\WINDOWS\SYSTEM32\ntdll.dll
0x00007ffe329d0000 - 0x00007ffe32a81000 	C:\WINDOWS\System32\KERNEL32.DLL
0x00007ffe2fc10000 - 0x00007ffe2fe83000 	C:\WINDOWS\System32\KERNELBASE.dll
0x00007ffe32920000 - 0x00007ffe329c1000 	C:\WINDOWS\System32\ADVAPI32.dll
0x00007ffe30ba0000 - 0x00007ffe30c3e000 	C:\WINDOWS\System32\msvcrt.dll
0x00007ffe327b0000 - 0x00007ffe3280b000 	C:\WINDOWS\System32\sechost.dll
0x00007ffe30400000 - 0x00007ffe30524000 	C:\WINDOWS\System32\RPCRT4.dll
0x00007ffe30720000 - 0x00007ffe308b0000 	C:\WINDOWS\System32\USER32.dll
0x00007ffe2f440000 - 0x00007ffe2f460000 	C:\WINDOWS\System32\win32u.dll
0x00007ffe30a00000 - 0x00007ffe30a28000 	C:\WINDOWS\System32\GDI32.dll
0x00007ffe30110000 - 0x00007ffe302a1000 	C:\WINDOWS\System32\gdi32full.dll
0x00007ffe2fb70000 - 0x00007ffe2fc0f000 	C:\WINDOWS\System32\msvcp_win.dll
0x00007ffe2fe90000 - 0x00007ffe2ff88000 	C:\WINDOWS\System32\ucrtbase.dll
0x00007ffe24890000 - 0x00007ffe24af9000 	C:\WINDOWS\WinSxS\amd64_microsoft.windows.common-controls_6595b64144ccf1df_6.0.17134.885_none_fb42a3473065565f\COMCTL32.dll
0x00007ffe27e60000 - 0x00007ffe27e6a000 	C:\WINDOWS\SYSTEM32\VERSION.dll
0x00007ffe32af0000 - 0x00007ffe32e12000 	C:\WINDOWS\System32\combase.dll
0x00007ffe30090000 - 0x00007ffe30109000 	C:\WINDOWS\System32\bcryptPrimitives.dll
0x00007ffe328f0000 - 0x00007ffe3291d000 	C:\WINDOWS\System32\IMM32.DLL
0x00007ffe119f0000 - 0x00007ffe11adf000 	C:\Program Files\Java\jdk-10.0.1\bin\msvcr120.dll
0x00007ffe226a0000 - 0x00007ffe22746000 	C:\Program Files\Java\jdk-10.0.1\bin\msvcp120.dll
0x00000000717d0000 - 0x0000000072240000 	C:\Program Files\Java\jdk-10.0.1\bin\server\jvm.dll
0x00007ffe30a30000 - 0x00007ffe30a38000 	C:\WINDOWS\System32\PSAPI.DLL
0x00007ffe204f0000 - 0x00007ffe204f9000 	C:\WINDOWS\SYSTEM32\WSOCK32.dll
0x00007ffe2cdd0000 - 0x00007ffe2cdf3000 	C:\WINDOWS\SYSTEM32\WINMM.dll
0x00007ffe306b0000 - 0x00007ffe3071c000 	C:\WINDOWS\System32\WS2_32.dll
0x00007ffe2ca60000 - 0x00007ffe2ca8a000 	C:\WINDOWS\SYSTEM32\winmmbase.dll
0x00007ffe2ff90000 - 0x00007ffe2ffd9000 	C:\WINDOWS\System32\cfgmgr32.dll
0x00007ffe27210000 - 0x00007ffe2721f000 	C:\Program Files\Java\jdk-10.0.1\bin\verify.dll
0x00007ffe1c800000 - 0x00007ffe1c9c9000 	C:\WINDOWS\SYSTEM32\DBGHELP.DLL
0x00007ffe1c7d0000 - 0x00007ffe1c7f9000 	C:\WINDOWS\SYSTEM32\dbgcore.DLL
0x00007ffe22620000 - 0x00007ffe22647000 	C:\Program Files\Java\jdk-10.0.1\bin\java.dll
0x00007ffe1d380000 - 0x00007ffe1d3aa000 	C:\Program Files\Java\jdk-10.0.1\bin\instrument.dll
0x00007ffe22770000 - 0x00007ffe22786000 	C:\Program Files\Java\jdk-10.0.1\bin\zip.dll
0x00007ffe27200000 - 0x00007ffe2720a000 	C:\Program Files\Java\jdk-10.0.1\bin\jimage.dll
0x00007ffe30c50000 - 0x00007ffe32090000 	C:\WINDOWS\System32\SHELL32.dll
0x00007ffe302b0000 - 0x00007ffe30359000 	C:\WINDOWS\System32\shcore.dll
0x00007ffe2f460000 - 0x00007ffe2fb6d000 	C:\WINDOWS\System32\windows.storage.dll
0x00007ffe32890000 - 0x00007ffe328e1000 	C:\WINDOWS\System32\shlwapi.dll
0x00007ffe2f1b0000 - 0x00007ffe2f1c1000 	C:\WINDOWS\System32\kernel.appcore.dll
0x00007ffe2f1d0000 - 0x00007ffe2f1ef000 	C:\WINDOWS\System32\profapi.dll
0x00007ffe2f160000 - 0x00007ffe2f1ac000 	C:\WINDOWS\System32\powrprof.dll
0x00007ffe2f150000 - 0x00007ffe2f15a000 	C:\WINDOWS\System32\FLTLIB.DLL
0x00007ffe22600000 - 0x00007ffe2261a000 	C:\Program Files\Java\jdk-10.0.1\bin\net.dll
0x00007ffe27600000 - 0x00007ffe276dd000 	C:\WINDOWS\SYSTEM32\WINHTTP.dll
0x00007ffe2e990000 - 0x00007ffe2e9f6000 	C:\WINDOWS\system32\mswsock.dll
0x00007ffe215f0000 - 0x00007ffe21601000 	C:\Program Files\Java\jdk-10.0.1\bin\nio.dll
0x00007ffe1d360000 - 0x00007ffe1d37a000 	D:\Program Files\IDEA\IntelliJ IDEA 2019.1.3\bin\breakgen64.dll

dbghelp: loaded successfully - version: 4.0.5 - missing functions: none
symbol engine: initialized successfully - sym options: 0x614 - pdb path: .;C:\Program Files\Java\jdk-10.0.1\bin;C:\WINDOWS\SYSTEM32;C:\WINDOWS\WinSxS\amd64_microsoft.windows.common-controls_6595b64144ccf1df_6.0.17134.885_none_fb42a3473065565f;C:\Program Files\Java\jdk-10.0.1\bin\server;D:\Program Files\IDEA\IntelliJ IDEA 2019.1.3\bin

VM Arguments:
jvm_args: -javaagent:D:\Program Files\IDEA\IntelliJ IDEA 2019.1.3\lib\idea_rt.jar=9911:D:\Program Files\IDEA\IntelliJ IDEA 2019.1.3\bin -Dfile.encoding=UTF-8 
java_command: com.joezeo.core.Server
java_class_path (initial): F:\workspace\IDEA项目\StudentManager\out\production\SM_Server;F:\workspace\IDEA项目\StudentManager\out\production\SM_DB;F:\workspace\编程\框架组件\mysql-connector-java-5.1.39-bin.jar
Launcher Type: SUN_STANDARD

Logging:
Log output configuration:
#0: stdout all=warning uptime,level,tags
#1: stderr all=off uptime,level,tags

Environment Variables:
PATH=C:\Program Files (x86)\Common Files\Oracle\Java\javapath;C:\ProgramData\Oracle\Java\javapath;C:\Program Files\Common Files\Microsoft Shared\Windows Live;C:\Program Files (x86)\NVIDIA Corporation\PhysX\Common;C:\Program Files (x86)\Intel\iCLS Client\;C:\Program Files\Intel\iCLS Client\;C:\WINDOWS\system32;C:\WINDOWS;C:\WINDOWS\System32\Wbem;C:\WINDOWS\System32\WindowsPowerShell\v1.0\;C:\Program Files\Intel\Intel(R) Management Engine Components\DAL;C:\Program Files\Intel\Intel(R) Management Engine Components\IPT;C:\Program Files (x86)\Intel\Intel(R) Management Engine Components\DAL;C:\Program Files (x86)\Intel\Intel(R) Management Engine Components\IPT;C:\Program Files\Common Files\Autodesk Shared\;C:\Program Files\Microsoft SQL Server\130\Tools\Binn\;C:\Program Files\dotnet\;C:\WINDOWS\system32\config\systemprofile\.dnx\bin;C:\Program Files\Microsoft DNX\Dnvm\;C:\Program Files\Microsoft\Web Platform Installer\;C:\Program Files (x86)\Microsoft ASP.NET\ASP.NET Web Pages\v1.0\;C:\Program Files\Git\cmd;C:\Program Files\Git\mingw64\bin;C:\Program Files\Git\usr\bin;C:\Program Files\Microsoft SQL Server\120\DTS\Binn\;C:\Program Files\Microsoft SQL Server\Client SDK\ODBC\110\Tools\Binn\;C:\Program Files (x86)\Microsoft SQL Server\120\Tools\Binn\;C:\Program Files\Microsoft SQL Server\120\Tools\Binn\;C:\Program Files (x86)\Microsoft SQL Server\120\Tools\Binn\ManagementStudio\;C:\Program Files (x86)\Microsoft SQL Server\120\DTS\Binn\;F:\Program Files\nodejs\;C:\Program Files\Python36;C:\Users\LENOVO\.atom\.apm;F:\Program Files (x86)\GnuWin32\bin;C:\Program Files (x86)\Windows Kits\8.1\Windows Performance Toolkit\;C:\TDM-GCC-64\bin;C:\TDM-GCC-64\x86_64-w64-mingw32\bin;F:\Program Files\CMake\bin;C:\WINDOWS\System32\OpenSSH\;E:\MySQL\mysql-5.7.19-winx64\bin;C:\Program Files\Java\jdk-10.0.1\bin;F:\Program Files (x86)\Microsoft Visual Studio\Common\Tools\WinNT;F:\Program Files (x86)\Microsoft Visual Studio\Common\MSDev98\Bin;F:\Program Files (x86)\Microsoft Visual Studio\Common\Too
USERNAME=LENOVO
OS=Windows_NT
PROCESSOR_IDENTIFIER=Intel64 Family 6 Model 60 Stepping 3, GenuineIntel



---------------  S Y S T E M  ---------------

OS: Windows 10 , 64 bit Build 17134 (10.0.17134.753)

CPU:total 4 (initial active 4) (2 cores per cpu, 2 threads per core) family 6 model 60 stepping 3, cmov, cx8, fxsr, mmx, sse, sse2, sse3, ssse3, sse4.1, sse4.2, popcnt, avx, avx2, aes, clmul, erms, lzcnt, ht, tsc, tscinvbit, bmi1, bmi2, fma

Memory: 4k page, physical 8302956k(1827444k free), swap 8302956k(198424k free)

vm_info: Java HotSpot(TM) 64-Bit Server VM (10.0.1+10) for windows-amd64 JRE (10.0.1+10), built on Mar 27 2018 02:27:48 by "mach5one" with MS VC++ 12.0 (VS2013)

END.
